Using pre-set license
Built from '2020.3/staging' branch; Version is '2020.3.11f1 (99c7afb366b3) revision 10078127'; Using compiler version '192528614'; Build Type 'Release'
OS: 'Windows 10 Pro; OS build 19042.985; Version 2009; 64bit' Language: 'es' Physical Memory: 16320 MB
BatchMode: 1, IsHumanControllingUs: 0, StartBugReporterOnCrash: 0, Is64bit: 1, IsPro: 0

 COMMAND LINE ARGUMENTS:
C:\Program Files\Unity\Hub\Editor\2020.3.11f1\Editor\Unity.exe
-adb2
-batchMode
-noUpm
-name
AssetImportWorker0
-projectPath
C:/Users/joans/OneDrive/Escritorio/git/proyecto 3/Proyect 3
-logFile
Logs/AssetImportWorker0.log
-srvPort
52625
Successfully changed project path to: C:/Users/joans/OneDrive/Escritorio/git/proyecto 3/Proyect 3
C:/Users/joans/OneDrive/Escritorio/git/proyecto 3/Proyect 3
Using Asset Import Pipeline V2.
Refreshing native plugins compatible for Editor in 53.08 ms, found 3 plugins.
Preloading 0 native plugins for Editor in 0.00 ms.
Initialize engine version: 2020.3.11f1 (99c7afb366b3)
[Subsystems] Discovering subsystems at path C:/Program Files/Unity/Hub/Editor/2020.3.11f1/Editor/Data/Resources/UnitySubsystems
[Subsystems] Discovering subsystems at path C:/Users/joans/OneDrive/Escritorio/git/proyecto 3/Proyect 3/Assets
GfxDevice: creating device client; threaded=0
Direct3D:
    Version:  Direct3D 11.0 [level 11.1]
    Renderer: NVIDIA GeForce RTX 2060 (ID=0x1f08)
    Vendor:   
    VRAM:     5980 MB
    Driver:   27.21.14.6663
Initialize mono
Mono path[0] = 'C:/Program Files/Unity/Hub/Editor/2020.3.11f1/Editor/Data/Managed'
Mono path[1] = 'C:/Program Files/Unity/Hub/Editor/2020.3.11f1/Editor/Data/MonoBleedingEdge/lib/mono/unityjit'
Mono config path = 'C:/Program Files/Unity/Hub/Editor/2020.3.11f1/Editor/Data/MonoBleedingEdge/etc'
Using monoOptions --debugger-agent=transport=dt_socket,embedding=1,server=y,suspend=n,address=127.0.0.1:56684
Begin MonoManager ReloadAssembly
Registering precompiled unity dll's ...
Register platform support module: C:/Program Files/Unity/Hub/Editor/2020.3.11f1/Editor/Data/PlaybackEngines/WebGLSupport/UnityEditor.WebGL.Extensions.dll
Register platform support module: C:/Program Files/Unity/Hub/Editor/2020.3.11f1/Editor/Data/PlaybackEngines/WindowsStandaloneSupport/UnityEditor.WindowsStandalone.Extensions.dll
Registered in 0.003789 seconds.
Native extension for WindowsStandalone target not found
Native extension for WebGL target not found
Refreshing native plugins compatible for Editor in 54.67 ms, found 3 plugins.
Preloading 0 native plugins for Editor in 0.00 ms.
Mono: successfully reloaded assembly
- Completed reload, in  1.376 seconds
Platform modules already initialized, skipping
Registering precompiled user dll's ...
Registered in 0.005427 seconds.
Begin MonoManager ReloadAssembly
Native extension for WindowsStandalone target not found
Native extension for WebGL target not found
Refreshing native plugins compatible for Editor in 46.97 ms, found 3 plugins.
Preloading 0 native plugins for Editor in 0.00 ms.
Mono: successfully reloaded assembly
- Completed reload, in  1.377 seconds
Platform modules already initialized, skipping
========================================================================
Worker process is ready to serve import requests
Launched and connected shader compiler UnityShaderCompiler.exe after 0.06 seconds
Refreshing native plugins compatible for Editor in 0.47 ms, found 3 plugins.
Preloading 0 native plugins for Editor in 0.00 ms.
Unloading 2235 Unused Serialized files (Serialized files now loaded: 0)
System memory in use before: 97.0 MB.
System memory in use after: 97.0 MB.

Unloading 32 unused Assets to reduce memory usage. Loaded Objects now: 2670.
Total: 3.582600 ms (FindLiveObjects: 0.436900 ms CreateObjectMapping: 0.102200 ms MarkObjects: 2.892200 ms  DeleteObjects: 0.150000 ms)

========================================================================
Received Import Request.
  path: Assets/Sprites/lifebar
  artifactKey: Guid(0c5a43e72f53ad64aa3ad33adc142ebb) Importer(815301076,1909f56bfc062723c751e8b465ee728b)
Start importing Assets/Sprites/lifebar using Guid(0c5a43e72f53ad64aa3ad33adc142ebb) Importer(815301076,1909f56bfc062723c751e8b465ee728b)  -> (artifact id: '4a3a162271dd5479c97cce1ce9663c89') in 0.010484 seconds
  Import took 0.014087 seconds .

========================================================================
Received Import Request.
  Time since last request: 11.597647 seconds.
  path: Assets/Sprites/background
  artifactKey: Guid(bc4dd527bbfdf164083fd52f107b08cc) Importer(815301076,1909f56bfc062723c751e8b465ee728b)
Start importing Assets/Sprites/background using Guid(bc4dd527bbfdf164083fd52f107b08cc) Importer(815301076,1909f56bfc062723c751e8b465ee728b)  -> (artifact id: '29140e27d04bfbb476089a99b72e7f54') in 0.008990 seconds
  Import took 0.013140 seconds .

========================================================================
Received Import Request.
  Time since last request: 6.495363 seconds.
  path: Assets/Sprites/background/battleback8.png
  artifactKey: Guid(3264452279c98fb46847a9f8d94ed788) Importer(815301076,1909f56bfc062723c751e8b465ee728b)
Start importing Assets/Sprites/background/battleback8.png using Guid(3264452279c98fb46847a9f8d94ed788) Importer(815301076,1909f56bfc062723c751e8b465ee728b)  -> (artifact id: 'db8f69dd9c4fc26c987e9525806376b0') in 0.170020 seconds
  Import took 0.173948 seconds .

AssetImportWorkerClient::OnTransportError - code=2 error=End of file
